ansible-playbook 2.8.2
  config file = /etc/ansible/ansible.cfg
  configured module search path = ['/root/.ansible/plugins/modules', '/usr/share/ansible/plugins/modules']
  ansible python module location = /usr/local/lib/python3.6/site-packages/ansible
  executable location = /usr/local/bin/ansible-playbook
  python version = 3.6.8 (default, Apr  3 2019, 17:26:03) [GCC 8.2.1 20180905 (Red Hat 8.2.1-3)]
Using /etc/ansible/ansible.cfg as config file
setting up inventory plugins
host_list declined parsing /etc/ansible/ap-south-1/ec2.py as it did not pass it's verify_file() method
Skipping due to inventory source not existing or not being readable by the current user
script declined parsing /etc/ansible/ap-south-1/ec2.py as it did not pass it's verify_file() method
auto declined parsing /etc/ansible/ap-south-1/ec2.py as it did not pass it's verify_file() method
Skipping due to inventory source not existing or not being readable by the current user
yaml declined parsing /etc/ansible/ap-south-1/ec2.py as it did not pass it's verify_file() method
Skipping due to inventory source not existing or not being readable by the current user
ini declined parsing /etc/ansible/ap-south-1/ec2.py as it did not pass it's verify_file() method
Skipping due to inventory source not existing or not being readable by the current user
toml declined parsing /etc/ansible/ap-south-1/ec2.py as it did not pass it's verify_file() method
ansible-playbook 2.8.2
  config file = /etc/ansible/ansible.cfg
  configured module search path = ['/root/.ansible/plugins/modules', '/usr/share/ansible/plugins/modules']
  ansible python module location = /usr/local/lib/python3.6/site-packages/ansible
  executable location = /usr/local/bin/ansible-playbook
  python version = 3.6.8 (default, Apr  3 2019, 17:26:03) [GCC 8.2.1 20180905 (Red Hat 8.2.1-3)]
Using /etc/ansible/ansible.cfg as config file
setting up inventory plugins
host_list declined parsing /etc/ansible/ec2.py as it did not pass it's verify_file() method
Not replacing invalid character(s) "{'-'}" in group name (ap-south-1)
Not replacing invalid character(s) "{'-'}" in group name (ap-south-1a)
Not replacing invalid character(s) "{'-'}" in group name (ap-south-1b)
Not replacing invalid character(s) "{'-'}" in group name (i-00ac71ad1008d63fb)
Not replacing invalid character(s) "{'-'}" in group name (i-0b9e74a4ad87c2e84)
Not replacing invalid character(s) "{'-'}" in group name (i-0eeac79ac21f81c6b)
Parsed /etc/ansible/ec2.py inventory source with script plugin
Loading callback plugin default of type stdout, v2.0 from /usr/local/lib/python3.6/site-packages/ansible/plugins/callback/default.py

PLAYBOOK: 7_auto-create-appsrv-secgrp.yaml **********************************************************************************************
Positional arguments: /etc/ansible/ap-south-1/7_auto-create-appsrv-secgrp.yaml
verbosity: 4
private_key_file: /home/ec2-user/mykeypair
connection: smart
timeout: 10
become_method: sudo
tags: ('all',)
inventory: ('/etc/ansible/ec2.py',)
extra_vars: ('@/etc/ansible/ap-south-1/group_vars/all5.yaml',)
forks: 5
1 plays in /etc/ansible/ap-south-1/7_auto-create-appsrv-secgrp.yaml

PLAY [localhost] ************************************************************************************************************************

TASK [Gathering Facts] ******************************************************************************************************************
task path: /etc/ansible/ap-south-1/7_auto-create-appsrv-secgrp.yaml:2
<127.0.0.1> ESTABLISH LOCAL CONNECTION FOR USER: root
<127.0.0.1> EXEC /bin/sh -c 'echo ~root && sleep 0'
<127.0.0.1> EXEC /bin/sh -c '( umask 77 && mkdir -p "` echo /root/.ansible/tmp/ansible-tmp-1562962205.4213827-266738063208074 `" && echo ansible-tmp-1562962205.4213827-266738063208074="` echo /root/.ansible/tmp/ansible-tmp-1562962205.4213827-266738063208074 `" ) && sleep 0'
Using module file /usr/local/lib/python3.6/site-packages/ansible/modules/system/setup.py
<127.0.0.1> PUT /root/.ansible/tmp/ansible-local-5223vclrtdj9/tmpek0of0lt TO /root/.ansible/tmp/ansible-tmp-1562962205.4213827-266738063208074/AnsiballZ_setup.py
<127.0.0.1> EXEC /bin/sh -c 'chmod u+x /root/.ansible/tmp/ansible-tmp-1562962205.4213827-266738063208074/ /root/.ansible/tmp/ansible-tmp-1562962205.4213827-266738063208074/AnsiballZ_setup.py && sleep 0'
<127.0.0.1> EXEC /bin/sh -c '/usr/bin/python3.6 /root/.ansible/tmp/ansible-tmp-1562962205.4213827-266738063208074/AnsiballZ_setup.py && sleep 0'
<127.0.0.1> EXEC /bin/sh -c 'rm -f -r /root/.ansible/tmp/ansible-tmp-1562962205.4213827-266738063208074/ > /dev/null 2>&1 && sleep 0'
ok: [localhost]
META: ran handlers

TASK [create appserver sec groups] ******************************************************************************************************
task path: /etc/ansible/ap-south-1/7_auto-create-appsrv-secgrp.yaml:6
<127.0.0.1> ESTABLISH LOCAL CONNECTION FOR USER: root
<127.0.0.1> EXEC /bin/sh -c 'echo ~root && sleep 0'
<127.0.0.1> EXEC /bin/sh -c '( umask 77 && mkdir -p "` echo /root/.ansible/tmp/ansible-tmp-1562962206.4302387-243690031718339 `" && echo ansible-tmp-1562962206.4302387-243690031718339="` echo /root/.ansible/tmp/ansible-tmp-1562962206.4302387-243690031718339 `" ) && sleep 0'
Using module file /usr/local/lib/python3.6/site-packages/ansible/modules/cloud/amazon/ec2_group.py
<127.0.0.1> PUT /root/.ansible/tmp/ansible-local-5223vclrtdj9/tmp8z7bb_v1 TO /root/.ansible/tmp/ansible-tmp-1562962206.4302387-243690031718339/AnsiballZ_ec2_group.py
<127.0.0.1> EXEC /bin/sh -c 'chmod u+x /root/.ansible/tmp/ansible-tmp-1562962206.4302387-243690031718339/ /root/.ansible/tmp/ansible-tmp-1562962206.4302387-243690031718339/AnsiballZ_ec2_group.py && sleep 0'
<127.0.0.1> EXEC /bin/sh -c '/usr/bin/python3.6 /root/.ansible/tmp/ansible-tmp-1562962206.4302387-243690031718339/AnsiballZ_ec2_group.py && sleep 0'
<127.0.0.1> EXEC /bin/sh -c 'rm -f -r /root/.ansible/tmp/ansible-tmp-1562962206.4302387-243690031718339/ > /dev/null 2>&1 && sleep 0'
changed: [localhost] => (item=[{'secgrpname': 'appinst-vpca'}, {'secgrpdesc': 'sec grp for app servers for vpca', 'secvpcid': 'vpc-03f14f659c6c1c8b7', 'secregion': 'ap-south-1', 'sectarget1': '10.0.1.167/32', 'sectarget2': '10.0.5.37/32'}]) => {
    "ansible_loop_var": "item",
    "changed": true,
    "description": "sec grp for app servers for vpca",
    "group_id": "sg-04f285120f20abc22",
    "group_name": "appinst-vpca",
    "invocation": {
        "module_args": {
            "aws_access_key": null,
            "aws_secret_key": null,
            "debug_botocore_endpoint_logs": false,
            "description": "sec grp for app servers for vpca",
            "ec2_url": null,
            "group_id": null,
            "name": "appinst-vpca",
            "profile": null,
            "purge_rules": true,
            "purge_rules_egress": true,
            "purge_tags": true,
            "region": "ap-south-1",
            "rules": [
                {
                    "cidr_ip": "10.0.1.167/32",
                    "from_port": 80,
                    "proto": "tcp",
                    "to_port": 80
                },
                {
                    "cidr_ip": "10.0.5.37/32",
                    "from_port": 80,
                    "proto": "tcp",
                    "to_port": 80
                },
                {
                    "cidr_ip": "10.0.1.167/32",
                    "from_port": 22,
                    "proto": "tcp",
                    "to_port": 22
                },
                {
                    "cidr_ip": "10.0.5.37/32",
                    "from_port": 22,
                    "proto": "tcp",
                    "to_port": 22
                }
            ],
            "rules_egress": [
                {
                    "cidr_ip": "10.0.1.167/32",
                    "from_port": 80,
                    "proto": "tcp",
                    "to_port": 80
                },
                {
                    "cidr_ip": "10.0.5.37/32",
                    "from_port": 80,
                    "proto": "tcp",
                    "to_port": 80
                }
            ],
            "security_token": null,
            "state": "present",
            "tags": null,
            "validate_certs": true,
            "vpc_id": "vpc-03f14f659c6c1c8b7"
        }
    },
    "ip_permissions": [
        {
            "from_port": 80,
            "ip_protocol": "tcp",
            "ip_ranges": [
                {
                    "cidr_ip": "10.0.5.37/32"
                },
                {
                    "cidr_ip": "10.0.1.167/32"
                }
            ],
            "ipv6_ranges": [],
            "prefix_list_ids": [],
            "to_port": 80,
            "user_id_group_pairs": []
        },
        {
            "from_port": 22,
            "ip_protocol": "tcp",
            "ip_ranges": [
                {
                    "cidr_ip": "10.0.5.37/32"
                },
                {
                    "cidr_ip": "10.0.1.167/32"
                }
            ],
            "ipv6_ranges": [],
            "prefix_list_ids": [],
            "to_port": 22,
            "user_id_group_pairs": []
        }
    ],
    "ip_permissions_egress": [
        {
            "from_port": 80,
            "ip_protocol": "tcp",
            "ip_ranges": [
                {
                    "cidr_ip": "10.0.5.37/32"
                },
                {
                    "cidr_ip": "10.0.1.167/32"
                }
            ],
            "ipv6_ranges": [],
            "prefix_list_ids": [],
            "to_port": 80,
            "user_id_group_pairs": []
        }
    ],
    "item": [
        {
            "secgrpname": "appinst-vpca"
        },
        {
            "secgrpdesc": "sec grp for app servers for vpca",
            "secregion": "ap-south-1",
            "sectarget1": "10.0.1.167/32",
            "sectarget2": "10.0.5.37/32",
            "secvpcid": "vpc-03f14f659c6c1c8b7"
        }
    ],
    "owner_id": "802778636482",
    "tags": {},
    "vpc_id": "vpc-03f14f659c6c1c8b7"
}

TASK [set facts of appservers_group] ****************************************************************************************************
task path: /etc/ansible/ap-south-1/7_auto-create-appsrv-secgrp.yaml:44
ok: [localhost] => (item={'changed': True, 'description': 'sec grp for app servers for vpca', 'group_name': 'appinst-vpca', 'ip_permissions': [{'from_port': 80, 'ip_protocol': 'tcp', 'ip_ranges': [{'cidr_ip': '10.0.5.37/32'}, {'cidr_ip': '10.0.1.167/32'}], 'ipv6_ranges': [], 'prefix_list_ids': [], 'to_port': 80, 'user_id_group_pairs': []}, {'from_port': 22, 'ip_protocol': 'tcp', 'ip_ranges': [{'cidr_ip': '10.0.5.37/32'}, {'cidr_ip': '10.0.1.167/32'}], 'ipv6_ranges': [], 'prefix_list_ids': [], 'to_port': 22, 'user_id_group_pairs': []}], 'owner_id': '802778636482', 'group_id': 'sg-04f285120f20abc22', 'ip_permissions_egress': [{'from_port': 80, 'ip_protocol': 'tcp', 'ip_ranges': [{'cidr_ip': '10.0.5.37/32'}, {'cidr_ip': '10.0.1.167/32'}], 'ipv6_ranges': [], 'prefix_list_ids': [], 'to_port': 80, 'user_id_group_pairs': []}], 'vpc_id': 'vpc-03f14f659c6c1c8b7', 'tags': {}, 'invocation': {'module_args': {'name': 'appinst-vpca', 'description': 'sec grp for app servers for vpca', 'region': 'ap-south-1', 'vpc_id': 'vpc-03f14f659c6c1c8b7', 'rules': [{'proto': 'tcp', 'from_port': 80, 'to_port': 80, 'cidr_ip': '10.0.1.167/32'}, {'proto': 'tcp', 'from_port': 80, 'to_port': 80, 'cidr_ip': '10.0.5.37/32'}, {'proto': 'tcp', 'from_port': 22, 'to_port': 22, 'cidr_ip': '10.0.1.167/32'}, {'proto': 'tcp', 'from_port': 22, 'to_port': 22, 'cidr_ip': '10.0.5.37/32'}], 'rules_egress': [{'proto': 'tcp', 'from_port': 80, 'to_port': 80, 'cidr_ip': '10.0.1.167/32'}, {'proto': 'tcp', 'from_port': 80, 'to_port': 80, 'cidr_ip': '10.0.5.37/32'}], 'debug_botocore_endpoint_logs': False, 'validate_certs': True, 'state': 'present', 'purge_rules': True, 'purge_rules_egress': True, 'purge_tags': True, 'ec2_url': None, 'aws_secret_key': None, 'aws_access_key': None, 'security_token': None, 'profile': None, 'group_id': None, 'tags': None}}, 'failed': False, 'item': [{'secgrpname': 'appinst-vpca'}, {'secgrpdesc': 'sec grp for app servers for vpca', 'secvpcid': 'vpc-03f14f659c6c1c8b7', 'secregion': 'ap-south-1', 'sectarget1': '10.0.1.167/32', 'sectarget2': '10.0.5.37/32'}], 'ansible_loop_var': 'item'}) => {
    "ansible_facts": {
        "apsouth1_appsecgrps": {
            "appinst-vpca": "sg-04f285120f20abc22"
        }
    },
    "ansible_loop_var": "item",
    "changed": false,
    "item": {
        "ansible_loop_var": "item",
        "changed": true,
        "description": "sec grp for app servers for vpca",
        "failed": false,
        "group_id": "sg-04f285120f20abc22",
        "group_name": "appinst-vpca",
        "invocation": {
            "module_args": {
                "aws_access_key": null,
                "aws_secret_key": null,
                "debug_botocore_endpoint_logs": false,
                "description": "sec grp for app servers for vpca",
                "ec2_url": null,
                "group_id": null,
                "name": "appinst-vpca",
                "profile": null,
                "purge_rules": true,
                "purge_rules_egress": true,
                "purge_tags": true,
                "region": "ap-south-1",
                "rules": [
                    {
                        "cidr_ip": "10.0.1.167/32",
                        "from_port": 80,
                        "proto": "tcp",
                        "to_port": 80
                    },
                    {
                        "cidr_ip": "10.0.5.37/32",
                        "from_port": 80,
                        "proto": "tcp",
                        "to_port": 80
                    },
                    {
                        "cidr_ip": "10.0.1.167/32",
                        "from_port": 22,
                        "proto": "tcp",
                        "to_port": 22
                    },
                    {
                        "cidr_ip": "10.0.5.37/32",
                        "from_port": 22,
                        "proto": "tcp",
                        "to_port": 22
                    }
                ],
                "rules_egress": [
                    {
                        "cidr_ip": "10.0.1.167/32",
                        "from_port": 80,
                        "proto": "tcp",
                        "to_port": 80
                    },
                    {
                        "cidr_ip": "10.0.5.37/32",
                        "from_port": 80,
                        "proto": "tcp",
                        "to_port": 80
                    }
                ],
                "security_token": null,
                "state": "present",
                "tags": null,
                "validate_certs": true,
                "vpc_id": "vpc-03f14f659c6c1c8b7"
            }
        },
        "ip_permissions": [
            {
                "from_port": 80,
                "ip_protocol": "tcp",
                "ip_ranges": [
                    {
                        "cidr_ip": "10.0.5.37/32"
                    },
                    {
                        "cidr_ip": "10.0.1.167/32"
                    }
                ],
                "ipv6_ranges": [],
                "prefix_list_ids": [],
                "to_port": 80,
                "user_id_group_pairs": []
            },
            {
                "from_port": 22,
                "ip_protocol": "tcp",
                "ip_ranges": [
                    {
                        "cidr_ip": "10.0.5.37/32"
                    },
                    {
                        "cidr_ip": "10.0.1.167/32"
                    }
                ],
                "ipv6_ranges": [],
                "prefix_list_ids": [],
                "to_port": 22,
                "user_id_group_pairs": []
            }
        ],
        "ip_permissions_egress": [
            {
                "from_port": 80,
                "ip_protocol": "tcp",
                "ip_ranges": [
                    {
                        "cidr_ip": "10.0.5.37/32"
                    },
                    {
                        "cidr_ip": "10.0.1.167/32"
                    }
                ],
                "ipv6_ranges": [],
                "prefix_list_ids": [],
                "to_port": 80,
                "user_id_group_pairs": []
            }
        ],
        "item": [
            {
                "secgrpname": "appinst-vpca"
            },
            {
                "secgrpdesc": "sec grp for app servers for vpca",
                "secregion": "ap-south-1",
                "sectarget1": "10.0.1.167/32",
                "sectarget2": "10.0.5.37/32",
                "secvpcid": "vpc-03f14f659c6c1c8b7"
            }
        ],
        "owner_id": "802778636482",
        "tags": {},
        "vpc_id": "vpc-03f14f659c6c1c8b7"
    }
}

TASK [debugapsouth1_appsecgrps] *********************************************************************************************************
task path: /etc/ansible/ap-south-1/7_auto-create-appsrv-secgrp.yaml:49
ok: [localhost] => (item={'key': 'appinst-vpca', 'value': 'sg-04f285120f20abc22'}) => {
    "msg": "appinst-vpca : sg-04f285120f20abc22"
}

TASK [copy var file all5.yaml to all6.yaml] *********************************************************************************************
task path: /etc/ansible/ap-south-1/7_auto-create-appsrv-secgrp.yaml:56
<127.0.0.1> ESTABLISH LOCAL CONNECTION FOR USER: root
<127.0.0.1> EXEC /bin/sh -c 'echo ~root && sleep 0'
<127.0.0.1> EXEC /bin/sh -c '( umask 77 && mkdir -p "` echo /root/.ansible/tmp/ansible-tmp-1562962212.3530588-123678134504672 `" && echo ansible-tmp-1562962212.3530588-123678134504672="` echo /root/.ansible/tmp/ansible-tmp-1562962212.3530588-123678134504672 `" ) && sleep 0'
Using module file /usr/local/lib/python3.6/site-packages/ansible/modules/files/stat.py
<127.0.0.1> PUT /root/.ansible/tmp/ansible-local-5223vclrtdj9/tmpjhdxt8tk TO /root/.ansible/tmp/ansible-tmp-1562962212.3530588-123678134504672/AnsiballZ_stat.py
<127.0.0.1> EXEC /bin/sh -c 'chmod u+x /root/.ansible/tmp/ansible-tmp-1562962212.3530588-123678134504672/ /root/.ansible/tmp/ansible-tmp-1562962212.3530588-123678134504672/AnsiballZ_stat.py && sleep 0'
<127.0.0.1> EXEC /bin/sh -c '/usr/bin/python3.6 /root/.ansible/tmp/ansible-tmp-1562962212.3530588-123678134504672/AnsiballZ_stat.py && sleep 0'
<127.0.0.1> PUT /etc/ansible/ap-south-1/group_vars/all5.yaml TO /root/.ansible/tmp/ansible-tmp-1562962212.3530588-123678134504672/source
<127.0.0.1> EXEC /bin/sh -c 'chmod u+x /root/.ansible/tmp/ansible-tmp-1562962212.3530588-123678134504672/ /root/.ansible/tmp/ansible-tmp-1562962212.3530588-123678134504672/source && sleep 0'
Using module file /usr/local/lib/python3.6/site-packages/ansible/modules/files/copy.py
<127.0.0.1> PUT /root/.ansible/tmp/ansible-local-5223vclrtdj9/tmph4aiz3b0 TO /root/.ansible/tmp/ansible-tmp-1562962212.3530588-123678134504672/AnsiballZ_copy.py
<127.0.0.1> EXEC /bin/sh -c 'chmod u+x /root/.ansible/tmp/ansible-tmp-1562962212.3530588-123678134504672/ /root/.ansible/tmp/ansible-tmp-1562962212.3530588-123678134504672/AnsiballZ_copy.py && sleep 0'
<127.0.0.1> EXEC /bin/sh -c '/usr/bin/python3.6 /root/.ansible/tmp/ansible-tmp-1562962212.3530588-123678134504672/AnsiballZ_copy.py && sleep 0'
<127.0.0.1> EXEC /bin/sh -c 'rm -f -r /root/.ansible/tmp/ansible-tmp-1562962212.3530588-123678134504672/ > /dev/null 2>&1 && sleep 0'
changed: [localhost] => {
    "changed": true,
    "checksum": "278f6b7f75d1431c6e71cfca1e343f5eac444483",
    "dest": "/etc/ansible/ap-south-1/group_vars/all6.yaml",
    "diff": [],
    "gid": 0,
    "group": "root",
    "invocation": {
        "module_args": {
            "_original_basename": "all5.yaml",
            "attributes": null,
            "backup": false,
            "checksum": "278f6b7f75d1431c6e71cfca1e343f5eac444483",
            "content": null,
            "delimiter": null,
            "dest": "/etc/ansible/ap-south-1/group_vars/all6.yaml",
            "directory_mode": null,
            "follow": true,
            "force": true,
            "group": null,
            "local_follow": null,
            "mode": null,
            "owner": null,
            "regexp": null,
            "remote_src": null,
            "selevel": null,
            "serole": null,
            "setype": null,
            "seuser": null,
            "src": "/root/.ansible/tmp/ansible-tmp-1562962212.3530588-123678134504672/source",
            "unsafe_writes": null,
            "validate": null
        }
    },
    "md5sum": "536f461a8c697ddb9e982160889678a2",
    "mode": "0644",
    "owner": "root",
    "secontext": "system_u:object_r:etc_t:s0",
    "size": 7104,
    "src": "/root/.ansible/tmp/ansible-tmp-1562962212.3530588-123678134504672/source",
    "state": "file",
    "uid": 0
}

TASK [replace appebserv sec grp names with sec grp ids in var file all6.yaml] ***********************************************************
task path: /etc/ansible/ap-south-1/7_auto-create-appsrv-secgrp.yaml:64
<127.0.0.1> ESTABLISH LOCAL CONNECTION FOR USER: root
<127.0.0.1> EXEC /bin/sh -c 'echo ~root && sleep 0'
<127.0.0.1> EXEC /bin/sh -c '( umask 77 && mkdir -p "` echo /root/.ansible/tmp/ansible-tmp-1562962213.1459765-177076188471692 `" && echo ansible-tmp-1562962213.1459765-177076188471692="` echo /root/.ansible/tmp/ansible-tmp-1562962213.1459765-177076188471692 `" ) && sleep 0'
Using module file /usr/local/lib/python3.6/site-packages/ansible/modules/files/replace.py
<127.0.0.1> PUT /root/.ansible/tmp/ansible-local-5223vclrtdj9/tmp88908zym TO /root/.ansible/tmp/ansible-tmp-1562962213.1459765-177076188471692/AnsiballZ_replace.py
<127.0.0.1> EXEC /bin/sh -c 'chmod u+x /root/.ansible/tmp/ansible-tmp-1562962213.1459765-177076188471692/ /root/.ansible/tmp/ansible-tmp-1562962213.1459765-177076188471692/AnsiballZ_replace.py && sleep 0'
<127.0.0.1> EXEC /bin/sh -c '/usr/bin/python3.6 /root/.ansible/tmp/ansible-tmp-1562962213.1459765-177076188471692/AnsiballZ_replace.py && sleep 0'
<127.0.0.1> EXEC /bin/sh -c 'rm -f -r /root/.ansible/tmp/ansible-tmp-1562962213.1459765-177076188471692/ > /dev/null 2>&1 && sleep 0'
changed: [localhost] => (item={'key': 'appinst-vpca', 'value': 'sg-04f285120f20abc22'}) => {
    "ansible_loop_var": "item",
    "changed": true,
    "invocation": {
        "module_args": {
            "after": null,
            "attributes": null,
            "backup": false,
            "before": null,
            "content": null,
            "delimiter": null,
            "directory_mode": null,
            "encoding": "utf-8",
            "follow": false,
            "force": null,
            "group": null,
            "mode": null,
            "owner": null,
            "path": "/etc/ansible/ap-south-1/group_vars/all6.yaml",
            "regexp": "appinst-vpca",
            "remote_src": null,
            "replace": "sg-04f285120f20abc22",
            "selevel": null,
            "serole": null,
            "setype": null,
            "seuser": null,
            "src": null,
            "unsafe_writes": null,
            "validate": null
        }
    },
    "item": {
        "key": "appinst-vpca",
        "value": "sg-04f285120f20abc22"
    },
    "msg": "2 replacements made"
}
META: ran handlers
META: ran handlers

PLAY RECAP ******************************************************************************************************************************
localhost                  : ok=6    changed=3    unreachable=0    failed=0    skipped=0    rescued=0    ignored=0   

